TN:
SF:src/TERC20Standalone.sol
DA:21,13
FN:21,TERC20Standalone.constructor
FNDA:13,TERC20Standalone.constructor
DA:27,13
DA:28,13
DA:38,1
FN:38,TERC20Standalone.decimals
FNDA:1,TERC20Standalone.decimals
DA:39,1
DA:45,1
FN:45,TERC20Standalone.version
FNDA:1,TERC20Standalone.version
DA:52,1
DA:59,17
FN:59,TERC20Standalone.hasRole
FNDA:17,TERC20Standalone.hasRole
DA:70,59
BRDA:70,0,0,18
DA:71,18
DA:73,41
FNF:4
FNH:4
LF:11
LH:11
BRF:1
BRH:1
end_of_record
TN:
SF:src/TERC20Upgradeable.sol
DA:31,13
FN:31,TERC20Upgradeable.constructor
FNDA:13,TERC20Upgradeable.constructor
DA:32,13
DA:35,13
FN:35,TERC20Upgradeable.initialize
FNDA:13,TERC20Upgradeable.initialize
DA:43,13
DA:44,13
DA:46,13
DA:47,13
DA:48,13
DA:50,13
FN:50,TERC20Upgradeable.__TERC20Upgradeable_init_unchained
FNDA:13,TERC20Upgradeable.__TERC20Upgradeable_init_unchained
DA:54,13
DA:55,13
DA:56,13
DA:69,1
FN:69,TERC20Upgradeable.decimals
FNDA:1,TERC20Upgradeable.decimals
DA:76,1
DA:77,1
DA:83,1
FN:83,TERC20Upgradeable.version
FNDA:1,TERC20Upgradeable.version
DA:89,1
DA:96,4
FN:96,TERC20Upgradeable.hasRole
FNDA:4,TERC20Upgradeable.hasRole
DA:107,59
BRDA:107,0,0,18
DA:108,18
DA:110,41
DA:117,14
FN:117,TERC20Upgradeable._getTERC20UpgradeableStorage
FNDA:14,TERC20Upgradeable._getTERC20UpgradeableStorage
DA:123,14
FNF:7
FNH:7
LF:23
LH:23
BRF:1
BRH:1
end_of_record
TN:
SF:src/lib/standalone/TERC20StandaloneBurn.sol
DA:19,2
FN:19,TERC20StandaloneBurn.burn
FNDA:2,TERC20StandaloneBurn.burn
DA:23,1
DA:24,1
DA:30,5
FN:30,TERC20StandaloneBurn.batchBurn
FNDA:5,TERC20StandaloneBurn.batchBurn
DA:34,4
BRDA:34,0,0,2
BRDA:34,0,1,2
DA:37,2
BRDA:37,1,0,1
BRDA:37,1,1,1
DA:41,1
DA:42,2
DA:44,1
DA:50,3
FN:50,TERC20StandaloneBurn.batchBurnSameValue
FNDA:3,TERC20StandaloneBurn.batchBurnSameValue
DA:54,2
BRDA:54,2,0,1
BRDA:54,2,1,1
DA:55,1
DA:56,2
DA:58,1
FNF:3
FNH:3
LF:14
LH:14
BRF:6
BRH:6
end_of_record
TN:
SF:src/lib/standalone/TERC20StandaloneMint.sol
DA:19,3
FN:19,TERC20StandaloneMint.mint
FNDA:3,TERC20StandaloneMint.mint
DA:23,2
DA:24,2
DA:30,8
FN:30,TERC20StandaloneMint.batchMint
FNDA:8,TERC20StandaloneMint.batchMint
DA:34,7
BRDA:34,0,0,1
BRDA:34,0,1,6
DA:37,6
BRDA:37,1,0,1
BRDA:37,1,1,5
DA:41,5
DA:42,10
DA:44,5
DA:50,3
FN:50,TERC20StandaloneMint.batchMintSameValue
FNDA:3,TERC20StandaloneMint.batchMintSameValue
DA:54,2
BRDA:54,2,0,1
BRDA:54,2,1,1
DA:55,1
DA:56,2
DA:58,1
FNF:3
FNH:3
LF:14
LH:14
BRF:6
BRH:6
end_of_record
TN:
SF:src/lib/upgradeable/TERC20UpgradeableBurn.sol
DA:20,2
FN:20,TERC20UpgradeableBurn.burn
FNDA:2,TERC20UpgradeableBurn.burn
DA:24,1
DA:25,1
DA:31,5
FN:31,TERC20UpgradeableBurn.batchBurn
FNDA:5,TERC20UpgradeableBurn.batchBurn
DA:35,4
BRDA:35,0,0,2
DA:36,2
DA:40,1
BRDA:40,1,0,1
DA:41,1
DA:43,1
DA:44,2
DA:46,1
DA:52,3
FN:52,TERC20UpgradeableBurn.batchBurnSameValue
FNDA:3,TERC20UpgradeableBurn.batchBurnSameValue
DA:56,2
BRDA:56,2,0,1
BRDA:56,2,1,1
DA:57,1
DA:58,2
DA:60,1
FNF:3
FNH:3
LF:16
LH:16
BRF:4
BRH:4
end_of_record
TN:
SF:src/lib/upgradeable/TERC20UpgradeableMint.sol
DA:20,3
FN:20,TERC20UpgradeableMint.mint
FNDA:3,TERC20UpgradeableMint.mint
DA:24,2
DA:25,2
DA:31,8
FN:31,TERC20UpgradeableMint.batchMint
FNDA:8,TERC20UpgradeableMint.batchMint
DA:35,7
BRDA:35,0,0,1
DA:36,1
DA:40,1
BRDA:40,1,0,1
DA:41,1
DA:43,5
DA:44,10
DA:46,5
DA:52,3
FN:52,TERC20UpgradeableMint.batchMintSameValue
FNDA:3,TERC20UpgradeableMint.batchMintSameValue
DA:56,2
BRDA:56,2,0,1
BRDA:56,2,1,1
DA:57,1
DA:58,2
DA:60,1
FNF:3
FNH:3
LF:16
LH:16
BRF:4
BRH:4
end_of_record
