TN:
SF:src/TERC20Standalone.sol
FN:11,TERC20Standalone.
FNDA:12,TERC20Standalone.
DA:17,12
DA:18,12
FN:28,TERC20Standalone.decimals
FNDA:1,TERC20Standalone.decimals
DA:29,1
FN:46,TERC20Standalone.mint
FNDA:3,TERC20Standalone.mint
DA:50,2
DA:51,2
FN:65,TERC20Standalone.mintBatch
FNDA:8,TERC20Standalone.mintBatch
DA:69,7
BRDA:69,0,0,1
BRDA:69,0,1,6
DA:72,6
BRDA:72,1,0,1
BRDA:72,1,1,5
DA:76,5
DA:77,10
DA:79,5
FN:92,TERC20Standalone.mintBatch
FNDA:3,TERC20Standalone.mintBatch
DA:96,2
BRDA:96,2,0,1
BRDA:96,2,1,1
DA:97,1
DA:98,2
DA:100,1
FN:116,TERC20Standalone.burn
FNDA:2,TERC20Standalone.burn
DA:120,1
DA:121,1
FN:134,TERC20Standalone.burnBatch
FNDA:4,TERC20Standalone.burnBatch
DA:138,3
BRDA:138,3,0,1
BRDA:138,3,1,2
DA:141,2
BRDA:141,4,0,1
BRDA:141,4,1,1
DA:145,1
DA:146,2
DA:148,1
FN:161,TERC20Standalone.burnBatch
FNDA:3,TERC20Standalone.burnBatch
DA:165,2
BRDA:165,5,0,1
BRDA:165,5,1,1
DA:166,1
DA:167,2
DA:169,1
FN:176,TERC20Standalone.hasRole
FNDA:12,TERC20Standalone.hasRole
DA:187,53
BRDA:187,6,0,14
DA:188,14
DA:190,39
FNF:9
FNH:9
LF:28
LH:28
BRF:13
BRH:13
end_of_record
TN:
SF:src/TERC20Upgradeable.sol
FN:25,TERC20Upgradeable.
FNDA:12,TERC20Upgradeable.
DA:26,12
FN:29,TERC20Upgradeable.initialize
FNDA:12,TERC20Upgradeable.initialize
DA:37,12
DA:38,12
DA:40,12
DA:41,12
DA:42,12
FN:44,TERC20Upgradeable.__TERC20Upgradeable_init_unchained
FNDA:12,TERC20Upgradeable.__TERC20Upgradeable_init_unchained
DA:48,12
DA:49,12
DA:50,12
FN:63,TERC20Upgradeable.decimals
FNDA:1,TERC20Upgradeable.decimals
DA:64,1
DA:65,1
FN:82,TERC20Upgradeable.mint
FNDA:3,TERC20Upgradeable.mint
DA:86,2
DA:87,2
FN:101,TERC20Upgradeable.mintBatch
FNDA:8,TERC20Upgradeable.mintBatch
DA:105,7
BRDA:105,0,0,1
DA:106,1
DA:110,1
BRDA:110,1,0,1
DA:111,1
DA:113,5
DA:114,10
DA:116,5
FN:129,TERC20Upgradeable.mintBatch
FNDA:3,TERC20Upgradeable.mintBatch
DA:133,2
BRDA:133,2,0,1
BRDA:133,2,1,1
DA:134,1
DA:135,2
DA:137,1
FN:152,TERC20Upgradeable.burn
FNDA:2,TERC20Upgradeable.burn
DA:156,1
DA:157,1
FN:170,TERC20Upgradeable.burnBatch
FNDA:4,TERC20Upgradeable.burnBatch
DA:174,3
BRDA:174,3,0,1
DA:175,1
DA:179,1
BRDA:179,4,0,1
DA:180,1
DA:182,1
DA:183,2
DA:185,1
FN:198,TERC20Upgradeable.burnBatch
FNDA:3,TERC20Upgradeable.burnBatch
DA:202,2
BRDA:202,5,0,1
BRDA:202,5,1,1
DA:203,1
DA:204,2
DA:206,1
FN:213,TERC20Upgradeable.hasRole
FNDA:0,TERC20Upgradeable.hasRole
DA:224,53
BRDA:224,6,0,14
DA:225,14
DA:227,39
FN:234,TERC20Upgradeable._getTERC20UpgradeableStorage
FNDA:13,TERC20Upgradeable._getTERC20UpgradeableStorage
DA:240,13
FNF:12
FNH:11
LF:41
LH:41
BRF:9
BRH:9
end_of_record
